2014-02-07T19:24:37-05:00 INFO (6): ------------ INICIO --------------
2014-02-07T19:24:37-05:00 INFO (6): ------------ Send Data --------------
2014-02-07T19:24:37-05:00 INFO (6): Array
(
    [module] => service
    [controller] => event
    [action] => post
    [dateEvent] => 2014-02-08 18:19:51
    [description] => 
    [flagAct] => 1
    [idUser] => 1
    [latitude] => -12.0507488583865
    [longitude] => -77.049384860303391
    [nametable] => Event
    [participants] => [{$idUser$:$$,$phoneNumber$:$992054388$,$email$:$$},{$idUser$:$$,$phoneNumber$:$$,$email$:$marrselo@gmail.com$},{$idUser$:1,$phoneNumber$:$987654321$,$email$:$berolatti.diego@pucp.pe$}]
    [title] => casa del che
)

2014-02-07T19:26:35-05:00 INFO (6): ------------ INICIO --------------
2014-02-07T19:26:35-05:00 INFO (6): ------------ Send Data --------------
2014-02-07T19:26:35-05:00 INFO (6): Array
(
    [module] => service
    [controller] => event
    [action] => post
    [dateEvent] => 2014-02-08 18:19:51
    [description] => 
    [flagAct] => 1
    [idUser] => 1
    [latitude] => -12.0507488583865
    [longitude] => -77.049384860303391
    [nametable] => Event
    [participants] => [{$idUser$:$$,$phoneNumber$:$992054388$,$email$:$$},{$idUser$:$$,$phoneNumber$:$$,$email$:$marrselo@gmail.com$},{$idUser$:1,$phoneNumber$:$987654321$,$email$:$berolatti.diego@pucp.pe$}]
    [title] => casa del che
)

2014-02-07T19:40:04-05:00 INFO (6): ------------ INICIO --------------
2014-02-07T19:40:04-05:00 INFO (6): ------------ Send Data --------------
2014-02-07T19:40:04-05:00 INFO (6): Array
(
    [module] => service
    [controller] => event
    [action] => post
    [dateEvent] => 2014-02-08 18:19:51
    [description] => 
    [flagAct] => 1
    [idUser] => 1
    [latitude] => -12.0507488583865
    [longitude] => -77.049384860303391
    [nametable] => Event
    [participants] => [{$idUser$:$$,$phoneNumber$:$992054388$,$email$:$$},{$idUser$:$$,$phoneNumber$:$$,$email$:$marrselo@gmail.com$},{$idUser$:1,$phoneNumber$:$987654321$,$email$:$berolatti.diego@pucp.pe$}]
    [title] => casa del che
)

2014-02-07T19:40:41-05:00 INFO (6): ------------ INICIO --------------
2014-02-07T19:40:41-05:00 INFO (6): ------------ Send Data --------------
2014-02-07T19:40:41-05:00 INFO (6): Array
(
    [module] => service
    [controller] => event
    [action] => post
    [dateEvent] => 2014-02-08 18:19:51
    [description] => 
    [flagAct] => 1
    [idUser] => 1
    [latitude] => -12.0507488583865
    [longitude] => -77.049384860303391
    [nametable] => Event
    [participants] => [{$idUser$:$$,$phoneNumber$:$992054388$,$email$:$$},{$idUser$:$$,$phoneNumber$:$$,$email$:$marrselo@gmail.com$},{$idUser$:1,$phoneNumber$:$987654321$,$email$:$berolatti.diego@pucp.pe$}]
    [title] => casa del che
)

2014-02-07T19:40:41-05:00 INFO (6): ------------ INICIO --------------
2014-02-07T19:40:41-05:00 INFO (6): ------------ Send Data --------------
2014-02-07T19:40:41-05:00 INFO (6): Array
(
    [module] => service
    [controller] => event
    [action] => post
    [dateEvent] => 2014-02-08 18:19:51
    [description] => 
    [flagAct] => 1
    [idUser] => 1
    [latitude] => -12.0507488583865
    [longitude] => -77.049384860303391
    [nametable] => Event
    [participants] => [{$idUser$:$$,$phoneNumber$:$992054388$,$email$:$$},{$idUser$:$$,$phoneNumber$:$$,$email$:$marrselo@gmail.com$},{$idUser$:1,$phoneNumber$:$987654321$,$email$:$berolatti.diego@pucp.pe$}]
    [title] => casa del che
)

2014-02-07T19:44:51-05:00 INFO (6): ------------ INICIO --------------
2014-02-07T19:44:51-05:00 INFO (6): ------------ Send Data --------------
2014-02-07T19:44:51-05:00 INFO (6): Array
(
    [module] => service
    [controller] => event
    [action] => post
    [dateEvent] => 2014-02-08 18:19:51
    [description] => 
    [flagAct] => 1
    [idUser] => 1
    [latitude] => -12.0507488583865
    [longitude] => -77.049384860303391
    [nametable] => Event
    [participants] => [{$idUser$:$$,$phoneNumber$:$992054388$,$email$:$$},{$idUser$:$$,$phoneNumber$:$$,$email$:$marrselo@gmail.com$},{$idUser$:1,$phoneNumber$:$987654321$,$email$:$berolatti.diego@pucp.pe$}]
    [title] => casa del che
)

2014-02-10T09:58:14-05:00 INFO (6): ------------ INICIO --------------
2014-02-10T09:58:14-05:00 INFO (6): ------------ Send Data --------------
2014-02-10T09:58:14-05:00 INFO (6): Array
(
    [module] => service
    [controller] => event
    [action] => post
    [dateEvent] => 2014-02-08 18:19:51
    [description] => 
    [flagAct] => 1
    [idUser] => 1
    [latitude] => -12.0507488583865
    [longitude] => -77.049384860303391
    [nametable] => Event
    [participants] => [{$idUser$:$$,$phoneNumber$:$992054388$,$email$:$$},{$idUser$:$$,$phoneNumber$:$$,$email$:$marrselo@gmail.com$},{$idUser$:1,$phoneNumber$:$987654321$,$email$:$berolatti.diego@pucp.pe$}]
    [title] => casa del che
)

2014-02-10T09:58:14-05:00 INFO (6): ------------ data Participantes --------------
2014-02-10T09:58:14-05:00 INFO (6): Array
(
    [0] => stdClass Object
        (
            [idUser] => 
            [phoneNumber] => 992054388
            [email] => 
        )

    [1] => stdClass Object
        (
            [idUser] => 
            [phoneNumber] => 
            [email] => marrselo@gmail.com
        )

    [2] => stdClass Object
        (
            [idUser] => 1
            [phoneNumber] => 987654321
            [email] => berolatti.diego@pucp.pe
        )

)

2014-02-10T09:58:14-05:00 INFO (6): ------------ Fin data Participantes --------------
2014-02-10T09:58:14-05:00 INFO (6): ------------ Insertar registro eventUser --------------
2014-02-10T09:58:14-05:00 INFO (6): Array
(
    [idState] => 3
    [dateInvitation] => 2014-02-10 09:58:14
    [phone] => 992054388
    [email] => 
    [idUserCreator] => 1
    [idEvent] => 77
)

2014-02-10T09:58:14-05:00 INFO (6): ------------ Fin registro eventUser --------------
2014-02-10T09:58:14-05:00 INFO (6): ------------ Insertar registro eventUser --------------
2014-02-10T09:58:14-05:00 INFO (6): Array
(
    [idState] => 3
    [dateInvitation] => 2014-02-10 09:58:14
    [phone] => 
    [email] => marrselo@gmail.com
    [idUserCreator] => 1
    [idEvent] => 77
)

2014-02-10T09:58:14-05:00 INFO (6): ------------ Fin registro eventUser --------------
2014-02-10T09:58:14-05:00 INFO (6): Array
(
    [id] => 77
    [urlEvent] => http//wemeet.onlinestudioproductions.com/service/event/track
    [hash] => 
)

2014-02-10T09:58:14-05:00 INFO (6): ------------ FIN DE CRON --------------
2014-02-10T11:30:32-05:00 INFO (6): ------------ INICIO --------------
2014-02-10T11:30:32-05:00 INFO (6): ------------ Send Data --------------
2014-02-10T11:30:32-05:00 INFO (6): Array
(
    [module] => service
    [controller] => event
    [action] => post
    [userName] => Marcelo
    [phoneNumber] => 992054388
    [pass] => milongo
    [email] => marrselo@gmail.com
    [withApplication] => 1
    [flagAct] => 1
    [nametable] => User
    [countryCode] => 51
    [lastName] => 
)

2014-02-10T11:30:32-05:00 INFO (6): Array
(
    [msj] => Mysqli statement execute error : Field 'idUser' doesn't have a default value
)

2014-02-10T11:30:32-05:00 INFO (6): ------------ FIN DE CRON --------------
2014-02-10T11:38:22-05:00 INFO (6): ------------ INICIO --------------
2014-02-10T11:38:22-05:00 INFO (6): ------------ Send Data --------------
2014-02-10T11:38:22-05:00 INFO (6): Array
(
    [module] => service
    [controller] => event
    [action] => post
    [title] => Casa del CHa
    [description] => nada
    [latitude] => -8.658854345861315
    [lomgitude] => -76.94883559400695
    [withApplication] => 1
    [flagAct] => 1
    [nametable] => Event
    [participants] => [{$idUser$:$$,$phoneNumber$:$$,$email$:$marrselo@gmail.com$},{$idUser$:$$,$phoneNumber$:$+51965409048$,$email$:$$},{$idUser$:1,$phoneNumber$:$987654321$,$email$:$berolatti.diego@pucp.pe$}]
)

2014-02-10T11:38:22-05:00 INFO (6): Array
(
    [msj] => Mysqli statement execute error : Field 'idUser' doesn't have a default value
)

2014-02-10T11:38:22-05:00 INFO (6): ------------ FIN DE CRON --------------
2014-02-10T11:38:22-05:00 INFO (6): ------------ INICIO --------------
2014-02-10T11:38:22-05:00 INFO (6): ------------ Send Data --------------
2014-02-10T11:38:22-05:00 INFO (6): Array
(
    [module] => service
    [controller] => event
    [action] => post
    [title] => Casa del CHa
    [description] => nada
    [latitude] => -8.658854345861315
    [lomgitude] => -76.94883559400695
    [withApplication] => 1
    [flagAct] => 1
    [nametable] => Event
    [participants] => [{$idUser$:$$,$phoneNumber$:$$,$email$:$marrselo@gmail.com$},{$idUser$:$$,$phoneNumber$:$+51965409048$,$email$:$$},{$idUser$:1,$phoneNumber$:$987654321$,$email$:$berolatti.diego@pucp.pe$}]
)

2014-02-10T11:38:22-05:00 INFO (6): Array
(
    [msj] => Mysqli statement execute error : Field 'idUser' doesn't have a default value
)

2014-02-10T11:38:22-05:00 INFO (6): ------------ FIN DE CRON --------------
2014-02-10T11:40:26-05:00 INFO (6): ------------ INICIO --------------
2014-02-10T11:40:26-05:00 INFO (6): ------------ Send Data --------------
2014-02-10T11:40:26-05:00 INFO (6): Array
(
    [module] => service
    [controller] => event
    [action] => post
    [title] => Casa del CHa
    [description] => nada
    [latitude] => -8.658854345861315
    [lomgitude] => -76.94883559400695
    [withApplication] => 1
    [flagAct] => 1
    [nametable] => Event
    [participants] => [{$idUser$:$$,$phoneNumber$:$$,$email$:$marrselo@gmail.com$},{$idUser$:$$,$phoneNumber$:$+51965409048$,$email$:$$},{$idUser$:1,$phoneNumber$:$987654321$,$email$:$berolatti.diego@pucp.pe$}]
    [idUser] => 1
)

2014-02-10T11:40:26-05:00 INFO (6): ------------ data Participantes --------------
2014-02-10T11:40:26-05:00 INFO (6): Array
(
    [0] => stdClass Object
        (
            [idUser] => 
            [phoneNumber] => 
            [email] => marrselo@gmail.com
        )

    [1] => stdClass Object
        (
            [idUser] => 
            [phoneNumber] => +51965409048
            [email] => 
        )

    [2] => stdClass Object
        (
            [idUser] => 1
            [phoneNumber] => 987654321
            [email] => berolatti.diego@pucp.pe
        )

)

2014-02-10T11:40:26-05:00 INFO (6): ------------ Fin data Participantes --------------
2014-02-10T11:40:26-05:00 INFO (6): ------------ Insertar registro eventUser --------------
2014-02-10T11:40:26-05:00 INFO (6): Array
(
    [idState] => 3
    [dateInvitation] => 2014-02-10 11:40:26
    [phone] => 
    [email] => marrselo@gmail.com
    [idUserCreator] => 1
    [idEvent] => 78
)

2014-02-10T11:40:26-05:00 INFO (6): ------------ Fin registro eventUser --------------
2014-02-10T11:40:26-05:00 INFO (6): ------------ Insertar registro eventUser --------------
2014-02-10T11:40:26-05:00 INFO (6): Array
(
    [idState] => 3
    [dateInvitation] => 2014-02-10 11:40:26
    [phone] => +51965409048
    [email] => 
    [idUserCreator] => 1
    [idEvent] => 78
)

2014-02-10T11:40:26-05:00 INFO (6): ------------ Fin registro eventUser --------------
2014-02-10T11:40:26-05:00 INFO (6): Array
(
    [id] => 78
    [urlEvent] => http//wemeet.onlinestudioproductions.com/service/event/track
    [hash] => 
)

2014-02-10T11:40:26-05:00 INFO (6): ------------ FIN DE CRON --------------
2014-02-10T11:40:47-05:00 INFO (6): ------------ INICIO --------------
2014-02-10T11:40:47-05:00 INFO (6): ------------ Send Data --------------
2014-02-10T11:40:47-05:00 INFO (6): Array
(
    [module] => service
    [controller] => event
    [action] => post
    [title] => Casa del CHa
    [description] => nada
    [latitude] => -8.658854345861315
    [lomgitude] => -76.94883559400695
    [withApplication] => 1
    [flagAct] => 1
    [nametable] => Event
    [participants] => [{$idUser$:$$,$phoneNumber$:$$,$email$:$marrselo@gmail.com$},{$idUser$:$$,$phoneNumber$:$+51965409048$,$email$:$$},{$idUser$:1,$phoneNumber$:$987654321$,$email$:$berolatti.diego@pucp.pe$}]
    [idUser] => 1
)

2014-02-10T11:41:34-05:00 INFO (6): ------------ INICIO --------------
2014-02-10T11:41:34-05:00 INFO (6): ------------ Send Data --------------
2014-02-10T11:41:34-05:00 INFO (6): Array
(
    [module] => service
    [controller] => event
    [action] => post
    [title] => Casa del CHa
    [description] => nada
    [latitude] => -8.658854345861315
    [lomgitude] => -76.94883559400695
    [withApplication] => 1
    [flagAct] => 1
    [nametable] => Event
    [participants] => [{$idUser$:$$,$phoneNumber$:$$,$email$:$marrselo@gmail.com$},{$idUser$:$$,$phoneNumber$:$+51965409048$,$email$:$$},{$idUser$:1,$phoneNumber$:$987654321$,$email$:$berolatti.diego@pucp.pe$}]
    [idUser] => 1
)

2014-02-10T11:41:34-05:00 INFO (6): ------------ INICIO --------------
2014-02-10T11:41:34-05:00 INFO (6): ------------ Send Data --------------
2014-02-10T11:41:34-05:00 INFO (6): Array
(
    [module] => service
    [controller] => event
    [action] => post
    [title] => Casa del CHa
    [description] => nada
    [latitude] => -8.658854345861315
    [lomgitude] => -76.94883559400695
    [withApplication] => 1
    [flagAct] => 1
    [nametable] => Event
    [participants] => [{$idUser$:$$,$phoneNumber$:$$,$email$:$marrselo@gmail.com$},{$idUser$:$$,$phoneNumber$:$+51965409048$,$email$:$$},{$idUser$:1,$phoneNumber$:$987654321$,$email$:$berolatti.diego@pucp.pe$}]
    [idUser] => 1
)

2014-02-10T11:43:05-05:00 INFO (6): ------------ INICIO --------------
2014-02-10T11:43:05-05:00 INFO (6): ------------ Send Data --------------
2014-02-10T11:43:05-05:00 INFO (6): Array
(
    [module] => service
    [controller] => event
    [action] => post
    [title] => Casa del CHa
    [description] => nada
    [latitude] => -8.658854345861315
    [lomgitude] => -76.94883559400695
    [withApplication] => 1
    [flagAct] => 1
    [nametable] => Event
    [participants] => [{$idUser$:$$,$phoneNumber$:$$,$email$:$marrselo@gmail.com$},{$idUser$:$$,$phoneNumber$:$+51965409048$,$email$:$$},{$idUser$:1,$phoneNumber$:$987654321$,$email$:$berolatti.diego@pucp.pe$}]
    [idUser] => 1
)

2014-02-10T11:43:05-05:00 INFO (6): ------------ INICIO --------------
2014-02-10T11:43:05-05:00 INFO (6): ------------ Send Data --------------
2014-02-10T11:43:05-05:00 INFO (6): Array
(
    [module] => service
    [controller] => event
    [action] => post
    [title] => Casa del CHa
    [description] => nada
    [latitude] => -8.658854345861315
    [lomgitude] => -76.94883559400695
    [withApplication] => 1
    [flagAct] => 1
    [nametable] => Event
    [participants] => [{$idUser$:$$,$phoneNumber$:$$,$email$:$marrselo@gmail.com$},{$idUser$:$$,$phoneNumber$:$+51965409048$,$email$:$$},{$idUser$:1,$phoneNumber$:$987654321$,$email$:$berolatti.diego@pucp.pe$}]
    [idUser] => 1
)

2014-02-10T11:44:16-05:00 INFO (6): ------------ INICIO --------------
2014-02-10T11:44:16-05:00 INFO (6): ------------ Send Data --------------
2014-02-10T11:44:16-05:00 INFO (6): Array
(
    [module] => service
    [controller] => event
    [action] => post
    [title] => Casa del CHa
    [description] => nada
    [latitude] => -8.658854345861315
    [lomgitude] => -76.94883559400695
    [withApplication] => 1
    [flagAct] => 1
    [nametable] => Event
    [participants] => [{$idUser$:$$,$phoneNumber$:$$,$email$:$marrselo@gmail.com$},{$idUser$:$$,$phoneNumber$:$+51965409048$,$email$:$$},{$idUser$:1,$phoneNumber$:$987654321$,$email$:$berolatti.diego@pucp.pe$}]
    [idUser] => 1
)

2014-02-10T11:44:16-05:00 INFO (6): ------------ INICIO --------------
2014-02-10T11:44:16-05:00 INFO (6): ------------ Send Data --------------
2014-02-10T11:44:16-05:00 INFO (6): Array
(
    [module] => service
    [controller] => event
    [action] => post
    [title] => Casa del CHa
    [description] => nada
    [latitude] => -8.658854345861315
    [lomgitude] => -76.94883559400695
    [withApplication] => 1
    [flagAct] => 1
    [nametable] => Event
    [participants] => [{$idUser$:$$,$phoneNumber$:$$,$email$:$marrselo@gmail.com$},{$idUser$:$$,$phoneNumber$:$+51965409048$,$email$:$$},{$idUser$:1,$phoneNumber$:$987654321$,$email$:$berolatti.diego@pucp.pe$}]
    [idUser] => 1
)

2014-02-10T11:46:51-05:00 INFO (6): ------------ INICIO --------------
2014-02-10T11:46:51-05:00 INFO (6): ------------ Send Data --------------
2014-02-10T11:46:51-05:00 INFO (6): Array
(
    [module] => service
    [controller] => event
    [action] => post
    [title] => Casa del CHa
    [description] => nada
    [latitude] => -8.658854345861315
    [lomgitude] => -76.94883559400695
    [withApplication] => 1
    [flagAct] => 1
    [nametable] => Event
    [participants] => [{$idUser$:$$,$phoneNumber$:$$,$email$:$marrselo@gmail.com$},{$idUser$:$$,$phoneNumber$:$+51965409048$,$email$:$$},{$idUser$:1,$phoneNumber$:$987654321$,$email$:$berolatti.diego@pucp.pe$}]
    [idUser] => 1
)

2014-02-10T12:01:45-05:00 INFO (6): ------------ INICIO --------------
2014-02-10T12:01:45-05:00 INFO (6): ------------ Send Data --------------
2014-02-10T12:01:45-05:00 INFO (6): Array
(
    [module] => service
    [controller] => event
    [action] => post
    [title] => Casa del CHa
    [description] => nada
    [latitude] => -8.658854345861315
    [lomgitude] => -76.94883559400695
    [withApplication] => 1
    [flagAct] => 1
    [nametable] => Event
    [participants] => [{$idUser$:$$,$phoneNumber$:$$,$email$:$marrselo@gmail.com$},{$idUser$:$$,$phoneNumber$:$+51965409048$,$email$:$$},{$idUser$:1,$phoneNumber$:$987654321$,$email$:$berolatti.diego@pucp.pe$}]
    [idUser] => 1
)

2014-02-10T12:02:08-05:00 INFO (6): ------------ INICIO --------------
2014-02-10T12:02:08-05:00 INFO (6): ------------ Send Data --------------
2014-02-10T12:02:08-05:00 INFO (6): Array
(
    [module] => service
    [controller] => event
    [action] => post
    [title] => Casa del CHa
    [description] => nada
    [latitude] => -8.658854345861315
    [lomgitude] => -76.94883559400695
    [withApplication] => 1
    [flagAct] => 1
    [nametable] => Event
    [participants] => [{$idUser$:$$,$phoneNumber$:$$,$email$:$marrselo@gmail.com$},{$idUser$:$$,$phoneNumber$:$+51965409048$,$email$:$$},{$idUser$:1,$phoneNumber$:$987654321$,$email$:$berolatti.diego@pucp.pe$}]
    [idUser] => 1
)

2014-02-10T12:02:22-05:00 INFO (6): ------------ INICIO --------------
2014-02-10T12:02:22-05:00 INFO (6): ------------ Send Data --------------
2014-02-10T12:02:22-05:00 INFO (6): Array
(
    [module] => service
    [controller] => event
    [action] => post
    [title] => Casa del CHa
    [description] => nada
    [latitude] => -8.658854345861315
    [lomgitude] => -76.94883559400695
    [withApplication] => 1
    [flagAct] => 1
    [nametable] => Event
    [participants] => [{$idUser$:$$,$phoneNumber$:$$,$email$:$marrselo@gmail.com$},{$idUser$:$$,$phoneNumber$:$+51965409048$,$email$:$$},{$idUser$:1,$phoneNumber$:$987654321$,$email$:$berolatti.diego@pucp.pe$}]
    [idUser] => 1
)

2014-02-10T12:02:38-05:00 INFO (6): ------------ INICIO --------------
2014-02-10T12:02:38-05:00 INFO (6): ------------ Send Data --------------
2014-02-10T12:02:38-05:00 INFO (6): Array
(
    [module] => service
    [controller] => event
    [action] => post
    [title] => Casa del CHa
    [description] => nada
    [latitude] => -8.658854345861315
    [lomgitude] => -76.94883559400695
    [withApplication] => 1
    [flagAct] => 1
    [nametable] => Event
    [participants] => [{$idUser$:$$,$phoneNumber$:$$,$email$:$marrselo@gmail.com$},{$idUser$:$$,$phoneNumber$:$+51965409048$,$email$:$$},{$idUser$:1,$phoneNumber$:$987654321$,$email$:$berolatti.diego@pucp.pe$}]
    [idUser] => 1
)

2014-02-10T12:02:46-05:00 INFO (6): ------------ INICIO --------------
2014-02-10T12:02:46-05:00 INFO (6): ------------ Send Data --------------
2014-02-10T12:02:46-05:00 INFO (6): Array
(
    [module] => service
    [controller] => event
    [action] => post
    [title] => Casa del CHa
    [description] => nada
    [latitude] => -8.658854345861315
    [lomgitude] => -76.94883559400695
    [withApplication] => 1
    [flagAct] => 1
    [nametable] => Event
    [participants] => [{$idUser$:$$,$phoneNumber$:$$,$email$:$marrselo@gmail.com$},{$idUser$:$$,$phoneNumber$:$+51965409048$,$email$:$$},{$idUser$:1,$phoneNumber$:$987654321$,$email$:$berolatti.diego@pucp.pe$}]
    [idUser] => 1
)

2014-02-10T12:06:19-05:00 INFO (6): ------------ INICIO --------------
2014-02-10T12:06:19-05:00 INFO (6): ------------ Send Data --------------
2014-02-10T12:06:19-05:00 INFO (6): Array
(
    [module] => service
    [controller] => event
    [action] => post
    [title] => Casa del CHa
    [description] => nada
    [latitude] => -8.658854345861315
    [lomgitude] => -76.94883559400695
    [withApplication] => 1
    [flagAct] => 1
    [nametable] => Event
    [participants] => [{$idUser$:$$,$phoneNumber$:$$,$email$:$marrselo@gmail.com$},{$idUser$:$$,$phoneNumber$:$+51965409048$,$email$:$$},{$idUser$:1,$phoneNumber$:$987654321$,$email$:$berolatti.diego@pucp.pe$}]
    [idUser] => 1
)

2014-02-10T12:06:35-05:00 INFO (6): ------------ INICIO --------------
2014-02-10T12:06:35-05:00 INFO (6): ------------ Send Data --------------
2014-02-10T12:06:35-05:00 INFO (6): Array
(
    [module] => service
    [controller] => event
    [action] => post
    [title] => Casa del CHa
    [description] => nada
    [latitude] => -8.658854345861315
    [lomgitude] => -76.94883559400695
    [withApplication] => 1
    [flagAct] => 1
    [nametable] => Event
    [participants] => [{$idUser$:$$,$phoneNumber$:$$,$email$:$marrselo@gmail.com$},{$idUser$:$$,$phoneNumber$:$+51965409048$,$email$:$$},{$idUser$:1,$phoneNumber$:$987654321$,$email$:$berolatti.diego@pucp.pe$}]
    [idUser] => 1
)

2014-02-10T12:06:47-05:00 INFO (6): ------------ INICIO --------------
2014-02-10T12:06:47-05:00 INFO (6): ------------ Send Data --------------
2014-02-10T12:06:47-05:00 INFO (6): Array
(
    [module] => service
    [controller] => event
    [action] => post
    [title] => Casa del CHa
    [description] => nada
    [latitude] => -8.658854345861315
    [lomgitude] => -76.94883559400695
    [withApplication] => 1
    [flagAct] => 1
    [nametable] => Event
    [participants] => [{$idUser$:$$,$phoneNumber$:$$,$email$:$marrselo@gmail.com$},{$idUser$:$$,$phoneNumber$:$+51965409048$,$email$:$$},{$idUser$:1,$phoneNumber$:$987654321$,$email$:$berolatti.diego@pucp.pe$}]
    [idUser] => 1
)

2014-02-10T12:06:53-05:00 INFO (6): ------------ INICIO --------------
2014-02-10T12:06:53-05:00 INFO (6): ------------ Send Data --------------
2014-02-10T12:06:53-05:00 INFO (6): Array
(
    [module] => service
    [controller] => event
    [action] => post
    [title] => Casa del CHa
    [description] => nada
    [latitude] => -8.658854345861315
    [lomgitude] => -76.94883559400695
    [withApplication] => 1
    [flagAct] => 1
    [nametable] => Event
    [participants] => [{$idUser$:$$,$phoneNumber$:$$,$email$:$marrselo@gmail.com$},{$idUser$:$$,$phoneNumber$:$+51965409048$,$email$:$$},{$idUser$:1,$phoneNumber$:$987654321$,$email$:$berolatti.diego@pucp.pe$}]
    [idUser] => 1
)

2014-02-10T12:06:54-05:00 INFO (6): ------------ INICIO --------------
2014-02-10T12:06:54-05:00 INFO (6): ------------ Send Data --------------
2014-02-10T12:06:54-05:00 INFO (6): Array
(
    [module] => service
    [controller] => event
    [action] => post
    [title] => Casa del CHa
    [description] => nada
    [latitude] => -8.658854345861315
    [lomgitude] => -76.94883559400695
    [withApplication] => 1
    [flagAct] => 1
    [nametable] => Event
    [participants] => [{$idUser$:$$,$phoneNumber$:$$,$email$:$marrselo@gmail.com$},{$idUser$:$$,$phoneNumber$:$+51965409048$,$email$:$$},{$idUser$:1,$phoneNumber$:$987654321$,$email$:$berolatti.diego@pucp.pe$}]
    [idUser] => 1
)

2014-02-10T12:08:35-05:00 INFO (6): ------------ INICIO --------------
2014-02-10T12:08:35-05:00 INFO (6): ------------ Send Data --------------
2014-02-10T12:08:35-05:00 INFO (6): Array
(
    [module] => service
    [controller] => event
    [action] => post
    [title] => Casa del CHa
    [description] => nada
    [latitude] => -8.658854345861315
    [lomgitude] => -76.94883559400695
    [withApplication] => 1
    [flagAct] => 1
    [nametable] => Event
    [participants] => [{$idUser$:$$,$phoneNumber$:$$,$email$:$marrselo@gmail.com$},{$idUser$:$$,$phoneNumber$:$+51965409048$,$email$:$$},{$idUser$:1,$phoneNumber$:$987654321$,$email$:$berolatti.diego@pucp.pe$}]
    [idUser] => 1
    [dateEvent] => 2014-02-08 18:52:19
)

2014-02-10T12:08:49-05:00 INFO (6): ------------ INICIO --------------
2014-02-10T12:08:49-05:00 INFO (6): ------------ Send Data --------------
2014-02-10T12:08:49-05:00 INFO (6): Array
(
    [module] => service
    [controller] => event
    [action] => post
    [title] => Casa del CHa
    [description] => nada
    [latitude] => -8.658854345861315
    [lomgitude] => -76.94883559400695
    [withApplication] => 1
    [flagAct] => 1
    [nametable] => Event
    [participants] => [{$idUser$:$$,$phoneNumber$:$$,$email$:$marrselo@gmail.com$},{$idUser$:$$,$phoneNumber$:$+51965409048$,$email$:$$},{$idUser$:1,$phoneNumber$:$987654321$,$email$:$berolatti.diego@pucp.pe$}]
    [idUser] => 1
    [dateEvent] => 2014-02-08 18:52:19
)

2014-02-10T12:10:49-05:00 INFO (6): ------------ INICIO --------------
2014-02-10T12:10:49-05:00 INFO (6): ------------ Send Data --------------
2014-02-10T12:10:49-05:00 INFO (6): Array
(
    [module] => service
    [controller] => event
    [action] => post
    [title] => Casa del CHa
    [description] => nada
    [latitude] => -8.658854345861315
    [lomgitude] => -76.94883559400695
    [withApplication] => 1
    [flagAct] => 1
    [nametable] => Event
    [participants] => [{$idUser$:$$,$phoneNumber$:$$,$email$:$marrselo@gmail.com$},{$idUser$:$$,$phoneNumber$:$+51965409048$,$email$:$$},{$idUser$:1,$phoneNumber$:$987654321$,$email$:$berolatti.diego@pucp.pe$}]
    [idUser] => 1
    [dateEvent] => 2014-02-08 18:52:19
)

2014-02-10T12:11:03-05:00 INFO (6): ------------ INICIO --------------
2014-02-10T12:11:03-05:00 INFO (6): ------------ Send Data --------------
2014-02-10T12:11:03-05:00 INFO (6): Array
(
    [module] => service
    [controller] => event
    [action] => post
    [title] => Casa del CHa
    [description] => nada
    [latitude] => -8.658854345861315
    [lomgitude] => -76.94883559400695
    [withApplication] => 1
    [flagAct] => 1
    [nametable] => Event
    [participants] => [{$idUser$:$$,$phoneNumber$:$$,$email$:$marrselo@gmail.com$},{$idUser$:$$,$phoneNumber$:$+51965409048$,$email$:$$},{$idUser$:1,$phoneNumber$:$987654321$,$email$:$berolatti.diego@pucp.pe$}]
    [idUser] => 1
    [dateEvent] => 2014-02-11 18:52:19
)

2014-02-10T12:20:38-05:00 INFO (6): ------------ INICIO --------------
2014-02-10T12:20:38-05:00 INFO (6): ------------ Send Data --------------
2014-02-10T12:20:38-05:00 INFO (6): Array
(
    [module] => service
    [controller] => event
    [action] => post
    [title] => Casa del CHa
    [description] => nada
    [latitude] => -8.658854345861315
    [lomgitude] => -76.94883559400695
    [withApplication] => 1
    [flagAct] => 1
    [nametable] => Event
    [participants] => [{$idUser$:$$,$phoneNumber$:$$,$email$:$marrselo@gmail.com$},{$idUser$:$$,$phoneNumber$:$+51965409048$,$email$:$$},{$idUser$:1,$phoneNumber$:$987654321$,$email$:$berolatti.diego@pucp.pe$}]
    [idUser] => 1
    [dateEvent] => 2014-02-11 18:52:19
)

2014-02-10T12:20:53-05:00 INFO (6): ------------ INICIO --------------
2014-02-10T12:20:53-05:00 INFO (6): ------------ Send Data --------------
2014-02-10T12:20:53-05:00 INFO (6): Array
(
    [module] => service
    [controller] => event
    [action] => post
    [title] => Casa del CHa
    [description] => nada
    [latitude] => -8.658854345861315
    [lomgitude] => -76.94883559400695
    [withApplication] => 1
    [flagAct] => 1
    [nametable] => Event
    [participants] => [{$idUser$:$$,$phoneNumber$:$$,$email$:$marrselo@gmail.com$},{$idUser$:$$,$phoneNumber$:$+51965409048$,$email$:$$},{$idUser$:1,$phoneNumber$:$987654321$,$email$:$berolatti.diego@pucp.pe$}]
    [idUser] => 1
    [dateEvent] => 2014-02-11 18:52:19
)

2014-02-10T12:21:32-05:00 INFO (6): ------------ INICIO --------------
2014-02-10T12:21:32-05:00 INFO (6): ------------ Send Data --------------
2014-02-10T12:21:32-05:00 INFO (6): Array
(
    [module] => service
    [controller] => event
    [action] => post
    [title] => Casa del CHa
    [description] => nada
    [latitude] => -8.658854345861315
    [lomgitude] => -76.94883559400695
    [withApplication] => 1
    [flagAct] => 1
    [nametable] => Event
    [participants] => [{$idUser$:$$,$phoneNumber$:$$,$email$:$marrselo@gmail.com$},{$idUser$:$$,$phoneNumber$:$+51965409048$,$email$:$$},{$idUser$:1,$phoneNumber$:$987654321$,$email$:$berolatti.diego@pucp.pe$}]
    [idUser] => 1
    [dateEvent] => 2014-02-11 18:52:19
)

2014-02-10T12:25:25-05:00 INFO (6): ------------ INICIO --------------
2014-02-10T12:25:25-05:00 INFO (6): ------------ Send Data --------------
2014-02-10T12:25:25-05:00 INFO (6): Array
(
    [module] => service
    [controller] => event
    [action] => post
    [title] => Casa del CHa
    [description] => nada
    [latitude] => -8.658854345861315
    [lomgitude] => -76.94883559400695
    [withApplication] => 1
    [flagAct] => 1
    [nametable] => Event
    [participants] => [{$idUser$:$$,$phoneNumber$:$$,$email$:$marrselo@gmail.com$},{$idUser$:$$,$phoneNumber$:$+51965409048$,$email$:$$},{$idUser$:1,$phoneNumber$:$987654321$,$email$:$berolatti.diego@pucp.pe$}]
    [idUser] => 1
    [dateEvent] => 2014-02-11 18:52:19
)

2014-02-10T12:25:49-05:00 INFO (6): ------------ INICIO --------------
2014-02-10T12:25:49-05:00 INFO (6): ------------ Send Data --------------
2014-02-10T12:25:49-05:00 INFO (6): Array
(
    [module] => service
    [controller] => event
    [action] => post
    [title] => Casa del CHa
    [description] => nada
    [latitude] => -8.658854345861315
    [lomgitude] => -76.94883559400695
    [withApplication] => 1
    [flagAct] => 1
    [nametable] => Event
    [participants] => [{$idUser$:$$,$phoneNumber$:$$,$email$:$marrselo@gmail.com$},{$idUser$:$$,$phoneNumber$:$+51965409048$,$email$:$$},{$idUser$:1,$phoneNumber$:$987654321$,$email$:$berolatti.diego@pucp.pe$}]
    [idUser] => 1
    [dateEvent] => 2014-02-11 18:52:19
)

2014-02-10T12:25:49-05:00 INFO (6): ------------ INICIO --------------
2014-02-10T12:25:49-05:00 INFO (6): ------------ Send Data --------------
2014-02-10T12:25:49-05:00 INFO (6): Array
(
    [module] => service
    [controller] => event
    [action] => post
    [title] => Casa del CHa
    [description] => nada
    [latitude] => -8.658854345861315
    [lomgitude] => -76.94883559400695
    [withApplication] => 1
    [flagAct] => 1
    [nametable] => Event
    [participants] => [{$idUser$:$$,$phoneNumber$:$$,$email$:$marrselo@gmail.com$},{$idUser$:$$,$phoneNumber$:$+51965409048$,$email$:$$},{$idUser$:1,$phoneNumber$:$987654321$,$email$:$berolatti.diego@pucp.pe$}]
    [idUser] => 1
    [dateEvent] => 2014-02-11 18:52:19
)

2014-02-10T12:26:16-05:00 INFO (6): ------------ INICIO --------------
2014-02-10T12:26:16-05:00 INFO (6): ------------ Send Data --------------
2014-02-10T12:26:16-05:00 INFO (6): Array
(
    [module] => service
    [controller] => event
    [action] => post
    [title] => Casa del CHa
    [description] => nada
    [latitude] => -8.658854345861315
    [lomgitude] => -76.94883559400695
    [withApplication] => 1
    [flagAct] => 1
    [nametable] => Event
    [participants] => [{$idUser$:$$,$phoneNumber$:$$,$email$:$marrselo@gmail.com$},{$idUser$:$$,$phoneNumber$:$+51965409048$,$email$:$$},{$idUser$:1,$phoneNumber$:$987654321$,$email$:$berolatti.diego@pucp.pe$}]
    [idUser] => 1
    [dateEvent] => 2014-02-11 18:52:19
)

2014-02-10T12:26:33-05:00 INFO (6): ------------ INICIO --------------
2014-02-10T12:26:33-05:00 INFO (6): ------------ Send Data --------------
2014-02-10T12:26:33-05:00 INFO (6): Array
(
    [module] => service
    [controller] => event
    [action] => post
    [title] => Casa del CHa
    [description] => nada
    [latitude] => -8.658854345861315
    [lomgitude] => -76.94883559400695
    [withApplication] => 1
    [flagAct] => 1
    [nametable] => Event
    [participants] => [{$idUser$:$$,$phoneNumber$:$$,$email$:$marrselo@gmail.com$},{$idUser$:$$,$phoneNumber$:$+51965409048$,$email$:$$},{$idUser$:1,$phoneNumber$:$987654321$,$email$:$berolatti.diego@pucp.pe$}]
    [idUser] => 1
    [dateEvent] => 2014-02-11 18:52:19
)

2014-02-10T12:29:01-05:00 INFO (6): ------------ INICIO --------------
2014-02-10T12:29:01-05:00 INFO (6): ------------ Send Data --------------
2014-02-10T12:29:01-05:00 INFO (6): Array
(
    [module] => service
    [controller] => event
    [action] => post
    [title] => Casa del CHa
    [description] => nada
    [latitude] => -8.658854345861315
    [lomgitude] => -76.94883559400695
    [withApplication] => 1
    [flagAct] => 1
    [nametable] => Event
    [participants] => [{$idUser$:$$,$phoneNumber$:$$,$email$:$marrselo@gmail.com$},{$idUser$:$$,$phoneNumber$:$+51965409048$,$email$:$$},{$idUser$:1,$phoneNumber$:$987654321$,$email$:$berolatti.diego@pucp.pe$}]
    [idUser] => 1
    [dateEvent] => 2014-02-11 18:52:19
)

2014-02-10T12:29:23-05:00 INFO (6): ------------ INICIO --------------
2014-02-10T12:29:23-05:00 INFO (6): ------------ Send Data --------------
2014-02-10T12:29:23-05:00 INFO (6): Array
(
    [module] => service
    [controller] => event
    [action] => post
    [title] => Casa del CHa
    [description] => nada
    [latitude] => -8.658854345861315
    [lomgitude] => -76.94883559400695
    [withApplication] => 1
    [flagAct] => 1
    [nametable] => Event
    [participants] => [{$idUser$:$$,$phoneNumber$:$$,$email$:$marrselo@gmail.com$},{$idUser$:$$,$phoneNumber$:$+51965409048$,$email$:$$},{$idUser$:1,$phoneNumber$:$987654321$,$email$:$berolatti.diego@pucp.pe$}]
    [idUser] => 1
    [dateEvent] => 02-11-2014 18:52:19
)

2014-02-10T12:29:23-05:00 INFO (6): Array
(
    [msj] => Mysqli statement execute error : Incorrect datetime value: '02-11-2014 18:52:19' for column 'dateEvent' at row 1
)

2014-02-10T12:29:23-05:00 INFO (6): ------------ FIN DE CRON --------------
2014-02-10T12:29:46-05:00 INFO (6): ------------ INICIO --------------
2014-02-10T12:29:46-05:00 INFO (6): ------------ Send Data --------------
2014-02-10T12:29:46-05:00 INFO (6): Array
(
    [module] => service
    [controller] => event
    [action] => post
    [title] => Casa del CHa
    [description] => nada
    [latitude] => -8.658854345861315
    [lomgitude] => -76.94883559400695
    [withApplication] => 1
    [flagAct] => 1
    [nametable] => Event
    [participants] => [{$idUser$:$$,$phoneNumber$:$$,$email$:$marrselo@gmail.com$},{$idUser$:$$,$phoneNumber$:$+51965409048$,$email$:$$},{$idUser$:1,$phoneNumber$:$987654321$,$email$:$berolatti.diego@pucp.pe$}]
    [idUser] => 1
    [dateEvent] => 02-11-2014 18:52:19
)

2014-02-10T12:29:46-05:00 INFO (6): ------------ INICIO --------------
2014-02-10T12:29:46-05:00 INFO (6): ------------ Send Data --------------
2014-02-10T12:29:46-05:00 INFO (6): Array
(
    [module] => service
    [controller] => event
    [action] => post
    [title] => Casa del CHa
    [description] => nada
    [latitude] => -8.658854345861315
    [lomgitude] => -76.94883559400695
    [withApplication] => 1
    [flagAct] => 1
    [nametable] => Event
    [participants] => [{$idUser$:$$,$phoneNumber$:$$,$email$:$marrselo@gmail.com$},{$idUser$:$$,$phoneNumber$:$+51965409048$,$email$:$$},{$idUser$:1,$phoneNumber$:$987654321$,$email$:$berolatti.diego@pucp.pe$}]
    [idUser] => 1
    [dateEvent] => 02-11-2014 18:52:19
)

2014-02-10T12:43:30-05:00 INFO (6): ------------ INICIO --------------
2014-02-10T12:43:30-05:00 INFO (6): ------------ Send Data --------------
2014-02-10T12:43:30-05:00 INFO (6): Array
(
    [module] => service
    [controller] => event
    [action] => post
    [title] => Casa del CHa
    [description] => nada
    [latitude] => -8.658854345861315
    [lomgitude] => -76.94883559400695
    [withApplication] => 1
    [flagAct] => 1
    [nametable] => Event
    [participants] => [{$idUser$:$$,$phoneNumber$:$$,$email$:$marrselo@gmail.com$},{$idUser$:$$,$phoneNumber$:$+51965409048$,$email$:$$},{$idUser$:1,$phoneNumber$:$987654321$,$email$:$berolatti.diego@pucp.pe$}]
    [idUser] => 1
    [dateEvent] => 2014-02-11 18:52:19
)

2014-02-10T12:47:45-05:00 INFO (6): ------------ INICIO --------------
2014-02-10T12:47:45-05:00 INFO (6): ------------ Send Data --------------
2014-02-10T12:47:45-05:00 INFO (6): Array
(
    [module] => service
    [controller] => event
    [action] => post
    [title] => Casa del CHa
    [description] => nada
    [latitude] => -8.658854345861315
    [lomgitude] => -76.94883559400695
    [withApplication] => 1
    [flagAct] => 1
    [nametable] => Event
    [participants] => [{$idUser$:$$,$phoneNumber$:$$,$email$:$marrselo@gmail.com$},{$idUser$:$$,$phoneNumber$:$+51965409048$,$email$:$$},{$idUser$:1,$phoneNumber$:$987654321$,$email$:$berolatti.diego@pucp.pe$}]
    [idUser] => 1
    [dateEvent] => 2014-02-11 18:52:19
)

2014-02-10T12:47:55-05:00 INFO (6): ------------ INICIO --------------
2014-02-10T12:47:55-05:00 INFO (6): ------------ Send Data --------------
2014-02-10T12:47:55-05:00 INFO (6): Array
(
    [module] => service
    [controller] => event
    [action] => post
    [title] => Casa del CHa
    [description] => nada
    [latitude] => -8.658854345861315
    [lomgitude] => -76.94883559400695
    [withApplication] => 1
    [flagAct] => 1
    [nametable] => Event
    [participants] => [{$idUser$:$$,$phoneNumber$:$$,$email$:$marrselo@gmail.com$},{$idUser$:$$,$phoneNumber$:$+51965409048$,$email$:$$},{$idUser$:1,$phoneNumber$:$987654321$,$email$:$berolatti.diego@pucp.pe$}]
    [idUser] => 1
    [dateEvent] => 2014-02-11 18:52:19
)

2014-02-10T12:47:55-05:00 INFO (6): ------------ INICIO --------------
2014-02-10T12:47:55-05:00 INFO (6): ------------ Send Data --------------
2014-02-10T12:47:55-05:00 INFO (6): Array
(
    [module] => service
    [controller] => event
    [action] => post
    [title] => Casa del CHa
    [description] => nada
    [latitude] => -8.658854345861315
    [lomgitude] => -76.94883559400695
    [withApplication] => 1
    [flagAct] => 1
    [nametable] => Event
    [participants] => [{$idUser$:$$,$phoneNumber$:$$,$email$:$marrselo@gmail.com$},{$idUser$:$$,$phoneNumber$:$+51965409048$,$email$:$$},{$idUser$:1,$phoneNumber$:$987654321$,$email$:$berolatti.diego@pucp.pe$}]
    [idUser] => 1
    [dateEvent] => 2014-02-11 18:52:19
)

2014-02-14T18:46:04-05:00 INFO (6): ------------ INICIO --------------
2014-02-14T18:46:04-05:00 INFO (6): ------------ Send Data --------------
2014-02-14T18:46:04-05:00 INFO (6): Array
(
    [module] => service
    [controller] => event
    [action] => post
    [dateEvent] => 2014-02-08 18:19:51
    [description] => 
    [flagAct] => 1
    [idUser] => 1
    [latitude] => -12.0507488583865
    [longitude] => -77.049384860303391
    [nametable] => Event
    [participants] => [{$idUser$:$$,$phoneNumber$:$992054388$,$email$:$$},{$idUser$:$$,$phoneNumber$:$$,$email$:$marrselo@gmail.com$},{$idUser$:1,$phoneNumber$:$987654321$,$email$:$berolatti.diego@pucp.pe$}]
    [title] => casa del cha
)

2014-02-14T18:46:59-05:00 INFO (6): ------------ INICIO --------------
2014-02-14T18:46:59-05:00 INFO (6): ------------ Send Data --------------
2014-02-14T18:46:59-05:00 INFO (6): Array
(
    [module] => service
    [controller] => event
    [action] => post
    [dateEvent] => 2014-02-08 18:19:51
    [description] => 
    [flagAct] => 1
    [idUser] => 1
    [latitude] => -12.0507488583865
    [longitude] => -77.049384860303391
    [nametable] => Event
    [participants] => [{$idUser$:$$,$phoneNumber$:$992054388$,$email$:$$},{$idUser$:$$,$phoneNumber$:$$,$email$:$marrselo@gmail.com$},{$idUser$:1,$phoneNumber$:$987654321$,$email$:$berolatti.diego@pucp.pe$}]
    [title] => casa del cha
)

2014-02-14T18:47:38-05:00 INFO (6): ------------ INICIO --------------
2014-02-14T18:47:38-05:00 INFO (6): ------------ Send Data --------------
2014-02-14T18:47:38-05:00 INFO (6): Array
(
    [module] => service
    [controller] => event
    [action] => post
    [dateEvent] => 2014-02-08 18:19:51
    [description] => 
    [flagAct] => 1
    [idUser] => 1
    [latitude] => -12.0507488583865
    [longitude] => -77.049384860303391
    [nametable] => Event
    [participants] => [{$idUser$:$$,$phoneNumber$:$992054388$,$email$:$$},{$idUser$:$$,$phoneNumber$:$$,$email$:$marrselo@gmail.com$},{$idUser$:1,$phoneNumber$:$987654321$,$email$:$berolatti.diego@pucp.pe$}]
    [title] => casa del cha
)

2014-02-14T18:47:46-05:00 INFO (6): ------------ INICIO --------------
2014-02-14T18:47:46-05:00 INFO (6): ------------ Send Data --------------
2014-02-14T18:47:46-05:00 INFO (6): Array
(
    [module] => service
    [controller] => event
    [action] => post
    [dateEvent] => 2014-02-08 18:19:51
    [description] => 
    [flagAct] => 1
    [idUser] => 1
    [latitude] => -12.0507488583865
    [longitude] => -77.049384860303391
    [nametable] => Event
    [participants] => [{$idUser$:$$,$phoneNumber$:$992054388$,$email$:$$},{$idUser$:$$,$phoneNumber$:$$,$email$:$marrselo@gmail.com$},{$idUser$:1,$phoneNumber$:$987654321$,$email$:$berolatti.diego@pucp.pe$}]
    [title] => casa del cha
)

2014-02-14T18:47:59-05:00 INFO (6): ------------ INICIO --------------
2014-02-14T18:47:59-05:00 INFO (6): ------------ Send Data --------------
2014-02-14T18:47:59-05:00 INFO (6): Array
(
    [module] => service
    [controller] => event
    [action] => post
    [dateEvent] => 2014-02-08 18:19:51
    [description] => 
    [flagAct] => 1
    [idUser] => 1
    [latitude] => -12.0507488583865
    [longitude] => -77.049384860303391
    [nametable] => Event
    [participants] => [{$idUser$:$$,$phoneNumber$:$992054388$,$email$:$$},{$idUser$:$$,$phoneNumber$:$$,$email$:$marrselo@gmail.com$},{$idUser$:1,$phoneNumber$:$987654321$,$email$:$berolatti.diego@pucp.pe$}]
    [title] => casa del cha
)

2014-02-14T18:49:22-05:00 INFO (6): ------------ INICIO --------------
2014-02-14T18:49:22-05:00 INFO (6): ------------ Send Data --------------
2014-02-14T18:49:22-05:00 INFO (6): Array
(
    [module] => service
    [controller] => event
    [action] => post
    [dateEvent] => 2014-02-08 18:19:51
    [description] => 
    [flagAct] => 1
    [idUser] => 1
    [latitude] => -12.0507488583865
    [longitude] => -77.049384860303391
    [nametable] => Event
    [participants] => [{$idUser$:$$,$phoneNumber$:$992054388$,$email$:$$},{$idUser$:$$,$phoneNumber$:$$,$email$:$marrselo@gmail.com$},{$idUser$:1,$phoneNumber$:$987654321$,$email$:$berolatti.diego@pucp.pe$}]
    [title] => casa del cha
)

2014-02-14T18:49:52-05:00 INFO (6): ------------ INICIO --------------
2014-02-14T18:49:52-05:00 INFO (6): ------------ Send Data --------------
2014-02-14T18:49:52-05:00 INFO (6): Array
(
    [module] => service
    [controller] => event
    [action] => post
    [dateEvent] => 2014-02-08 18:19:51
    [description] => 
    [flagAct] => 1
    [idUser] => 1
    [latitude] => -12.0507488583865
    [longitude] => -77.049384860303391
    [nametable] => Event
    [participants] => [{$idUser$:$$,$phoneNumber$:$992054388$,$email$:$$},{$idUser$:$$,$phoneNumber$:$$,$email$:$marrselo@gmail.com$},{$idUser$:1,$phoneNumber$:$987654321$,$email$:$berolatti.diego@pucp.pe$}]
    [title] => casa del cha
)

2014-02-14T18:50:32-05:00 INFO (6): ------------ INICIO --------------
2014-02-14T18:50:32-05:00 INFO (6): ------------ Send Data --------------
2014-02-14T18:50:32-05:00 INFO (6): Array
(
    [module] => service
    [controller] => event
    [action] => post
    [dateEvent] => 2014-02-08 18:19:51
    [description] => 
    [flagAct] => 1
    [idUser] => 1
    [latitude] => -12.0507488583865
    [longitude] => -77.049384860303391
    [nametable] => Event
    [participants] => [{$idUser$:$$,$phoneNumber$:$992054388$,$email$:$$},{$idUser$:$$,$phoneNumber$:$$,$email$:$marrselo@gmail.com$},{$idUser$:1,$phoneNumber$:$987654321$,$email$:$berolatti.diego@pucp.pe$}]
    [title] => casa del cha
)

2014-02-14T18:52:05-05:00 INFO (6): ------------ INICIO --------------
2014-02-14T18:52:05-05:00 INFO (6): ------------ Send Data --------------
2014-02-14T18:52:05-05:00 INFO (6): Array
(
    [module] => service
    [controller] => event
    [action] => post
    [dateEvent] => 2014-02-08 18:19:51
    [description] => 
    [flagAct] => 1
    [idUser] => 1
    [latitude] => -12.0507488583865
    [longitude] => -77.049384860303391
    [nametable] => Event
    [participants] => [{$idUser$:$$,$phoneNumber$:$992054388$,$email$:$$},{$idUser$:$$,$phoneNumber$:$$,$email$:$marrselo@gmail.com$},{$idUser$:1,$phoneNumber$:$987654321$,$email$:$berolatti.diego@pucp.pe$}]
    [title] => casa del cha
)

2014-02-14T18:54:34-05:00 INFO (6): ------------ INICIO --------------
2014-02-14T18:54:34-05:00 INFO (6): ------------ Send Data --------------
2014-02-14T18:54:34-05:00 INFO (6): Array
(
    [module] => service
    [controller] => event
    [action] => post
    [dateEvent] => 2014-02-08 18:19:51
    [description] => 
    [flagAct] => 1
    [idUser] => 1
    [latitude] => -12.0507488583865
    [longitude] => -77.049384860303391
    [nametable] => Event
    [participants] => [{$idUser$:$$,$phoneNumber$:$992054388$,$email$:$$},{$idUser$:$$,$phoneNumber$:$$,$email$:$marrselo@gmail.com$},{$idUser$:1,$phoneNumber$:$987654321$,$email$:$berolatti.diego@pucp.pe$}]
    [title] => casa del cha
)

2014-02-14T18:54:45-05:00 INFO (6): ------------ INICIO --------------
2014-02-14T18:54:45-05:00 INFO (6): ------------ Send Data --------------
2014-02-14T18:54:45-05:00 INFO (6): Array
(
    [module] => service
    [controller] => event
    [action] => post
    [dateEvent] => 2014-02-08 18:19:51
    [description] => 
    [flagAct] => 1
    [idUser] => 1
    [latitude] => -12.0507488583865
    [longitude] => -77.049384860303391
    [nametable] => Event
    [participants] => [{$idUser$:$$,$phoneNumber$:$992054388$,$email$:$$},{$idUser$:$$,$phoneNumber$:$$,$email$:$marrselo@gmail.com$},{$idUser$:1,$phoneNumber$:$987654321$,$email$:$berolatti.diego@pucp.pe$}]
    [title] => casa del cha
)

2014-02-14T18:55:07-05:00 INFO (6): ------------ INICIO --------------
2014-02-14T18:55:07-05:00 INFO (6): ------------ Send Data --------------
2014-02-14T18:55:07-05:00 INFO (6): Array
(
    [module] => service
    [controller] => event
    [action] => post
    [dateEvent] => 2014-02-08 18:19:51
    [description] => 
    [flagAct] => 1
    [idUser] => 1
    [latitude] => -12.0507488583865
    [longitude] => -77.049384860303391
    [nametable] => Event
    [participants] => [{$idUser$:$$,$phoneNumber$:$992054388$,$email$:$$},{$idUser$:$$,$phoneNumber$:$$,$email$:$marrselo@gmail.com$},{$idUser$:1,$phoneNumber$:$987654321$,$email$:$berolatti.diego@pucp.pe$}]
    [title] => casa del cha
)

2014-02-14T19:00:29-05:00 INFO (6): ------------ INICIO --------------
2014-02-14T19:00:29-05:00 INFO (6): ------------ Send Data --------------
2014-02-14T19:00:29-05:00 INFO (6): Array
(
    [module] => service
    [controller] => event
    [action] => post
    [dateEvent] => 2014-02-08 18:19:51
    [description] => 
    [flagAct] => 1
    [idUser] => 1
    [latitude] => -12.0507488583865
    [longitude] => -77.049384860303391
    [nametable] => Event
    [participants] => [{$idUser$:$$,$phoneNumber$:$992054388$,$email$:$$},{$idUser$:$$,$phoneNumber$:$$,$email$:$marrselo@gmail.com$},{$idUser$:1,$phoneNumber$:$987654321$,$email$:$berolatti.diego@pucp.pe$}]
    [title] => casa del cha
)

2014-02-14T19:00:29-05:00 INFO (6): Array
(
    [id] => 109
    [urlEvent] => http//wemeet.onlinestudioproductions.com/service/event/track
    [msj] => Mysqli prepare error: You have an error in your SQL syntax; check the manual that corresponds to your MySQL server version for the right syntax to use near 'AND  AND ( email IN ('marrselo@gmail.com','berolatti.diego@pucp.pe') OR  phone I' at line 1
)

2014-02-14T19:00:29-05:00 INFO (6): ------------ FIN DE CRON --------------
2014-02-14T19:01:00-05:00 INFO (6): ------------ INICIO --------------
2014-02-14T19:01:00-05:00 INFO (6): ------------ Send Data --------------
2014-02-14T19:01:00-05:00 INFO (6): Array
(
    [module] => service
    [controller] => event
    [action] => post
    [dateEvent] => 2014-02-08 18:19:51
    [description] => 
    [flagAct] => 1
    [idUser] => 1
    [latitude] => -12.0507488583865
    [longitude] => -77.049384860303391
    [nametable] => Event
    [participants] => [{$idUser$:$$,$phoneNumber$:$992054388$,$email$:$$},{$idUser$:$$,$phoneNumber$:$$,$email$:$marrselo@gmail.com$},{$idUser$:1,$phoneNumber$:$987654321$,$email$:$berolatti.diego@pucp.pe$}]
    [title] => casa del cha
)

2014-02-14T19:01:51-05:00 INFO (6): ------------ INICIO --------------
2014-02-14T19:01:51-05:00 INFO (6): ------------ Send Data --------------
2014-02-14T19:01:51-05:00 INFO (6): Array
(
    [module] => service
    [controller] => event
    [action] => post
    [dateEvent] => 2014-02-08 18:19:51
    [description] => 
    [flagAct] => 1
    [idUser] => 1
    [latitude] => -12.0507488583865
    [longitude] => -77.049384860303391
    [nametable] => Event
    [participants] => [{$idUser$:$$,$phoneNumber$:$992054388$,$email$:$$},{$idUser$:$$,$phoneNumber$:$$,$email$:$marrselo@gmail.com$},{$idUser$:1,$phoneNumber$:$987654321$,$email$:$berolatti.diego@pucp.pe$}]
    [title] => casa del cha
)

2014-02-14T19:01:52-05:00 INFO (6): ------------ INICIO --------------
2014-02-14T19:01:52-05:00 INFO (6): ------------ Send Data --------------
2014-02-14T19:01:52-05:00 INFO (6): Array
(
    [module] => service
    [controller] => event
    [action] => post
    [dateEvent] => 2014-02-08 18:19:51
    [description] => 
    [flagAct] => 1
    [idUser] => 1
    [latitude] => -12.0507488583865
    [longitude] => -77.049384860303391
    [nametable] => Event
    [participants] => [{$idUser$:$$,$phoneNumber$:$992054388$,$email$:$$},{$idUser$:$$,$phoneNumber$:$$,$email$:$marrselo@gmail.com$},{$idUser$:1,$phoneNumber$:$987654321$,$email$:$berolatti.diego@pucp.pe$}]
    [title] => casa del cha
)

2014-02-14T19:02:12-05:00 INFO (6): ------------ INICIO --------------
2014-02-14T19:02:12-05:00 INFO (6): ------------ Send Data --------------
2014-02-14T19:02:12-05:00 INFO (6): Array
(
    [module] => service
    [controller] => event
    [action] => post
    [dateEvent] => 2014-02-08 18:19:51
    [description] => 
    [flagAct] => 1
    [idUser] => 1
    [latitude] => -12.0507488583865
    [longitude] => -77.049384860303391
    [nametable] => Event
    [participants] => [{$idUser$:$$,$phoneNumber$:$992054388$,$email$:$$},{$idUser$:$$,$phoneNumber$:$$,$email$:$marrselo@gmail.com$},{$idUser$:1,$phoneNumber$:$987654321$,$email$:$berolatti.diego@pucp.pe$}]
    [title] => casa del cha
)

2014-02-14T19:03:43-05:00 INFO (6): ------------ INICIO --------------
2014-02-14T19:03:43-05:00 INFO (6): ------------ Send Data --------------
2014-02-14T19:03:43-05:00 INFO (6): Array
(
    [module] => service
    [controller] => event
    [action] => post
    [dateEvent] => 2014-02-08 18:19:51
    [description] => 
    [flagAct] => 1
    [idUser] => 1
    [latitude] => -12.0507488583865
    [longitude] => -77.049384860303391
    [nametable] => Event
    [participants] => [{$idUser$:$$,$phoneNumber$:$992054388$,$email$:$$},{$idUser$:$$,$phoneNumber$:$$,$email$:$marrselo@gmail.com$},{$idUser$:1,$phoneNumber$:$987654321$,$email$:$berolatti.diego@pucp.pe$}]
    [title] => casa del cha
)

2014-02-14T19:03:44-05:00 INFO (6): ------------ INICIO --------------
2014-02-14T19:03:44-05:00 INFO (6): ------------ Send Data --------------
2014-02-14T19:03:44-05:00 INFO (6): Array
(
    [module] => service
    [controller] => event
    [action] => post
    [dateEvent] => 2014-02-08 18:19:51
    [description] => 
    [flagAct] => 1
    [idUser] => 1
    [latitude] => -12.0507488583865
    [longitude] => -77.049384860303391
    [nametable] => Event
    [participants] => [{$idUser$:$$,$phoneNumber$:$992054388$,$email$:$$},{$idUser$:$$,$phoneNumber$:$$,$email$:$marrselo@gmail.com$},{$idUser$:1,$phoneNumber$:$987654321$,$email$:$berolatti.diego@pucp.pe$}]
    [title] => casa del cha
)

2014-02-14T19:04:21-05:00 INFO (6): ------------ INICIO --------------
2014-02-14T19:04:21-05:00 INFO (6): ------------ Send Data --------------
2014-02-14T19:04:21-05:00 INFO (6): Array
(
    [module] => service
    [controller] => event
    [action] => post
    [dateEvent] => 2014-02-08 18:19:51
    [description] => 
    [flagAct] => 1
    [idUser] => 1
    [latitude] => -12.0507488583865
    [longitude] => -77.049384860303391
    [nametable] => Event
    [participants] => [{$idUser$:$$,$phoneNumber$:$992054388$,$email$:$$},{$idUser$:$$,$phoneNumber$:$$,$email$:$marrselo@gmail.com$},{$idUser$:1,$phoneNumber$:$987654321$,$email$:$berolatti.diego@pucp.pe$}]
    [title] => casa del cha
)

2014-02-14T19:04:45-05:00 INFO (6): ------------ INICIO --------------
2014-02-14T19:04:45-05:00 INFO (6): ------------ Send Data --------------
2014-02-14T19:04:45-05:00 INFO (6): Array
(
    [module] => service
    [controller] => event
    [action] => post
    [dateEvent] => 2014-02-08 18:19:51
    [description] => 
    [flagAct] => 1
    [idUser] => 1
    [latitude] => -12.0507488583865
    [longitude] => -77.049384860303391
    [nametable] => Event
    [participants] => [{$idUser$:$$,$phoneNumber$:$992054388$,$email$:$$},{$idUser$:$$,$phoneNumber$:$$,$email$:$marrselo@gmail.com$},{$idUser$:1,$phoneNumber$:$987654321$,$email$:$berolatti.diego@pucp.pe$}]
    [title] => casa del cha
)

2014-02-14T19:05:07-05:00 INFO (6): ------------ INICIO --------------
2014-02-14T19:05:07-05:00 INFO (6): ------------ Send Data --------------
2014-02-14T19:05:07-05:00 INFO (6): Array
(
    [module] => service
    [controller] => event
    [action] => post
    [dateEvent] => 2014-02-08 18:19:51
    [description] => 
    [flagAct] => 1
    [idUser] => 1
    [latitude] => -12.0507488583865
    [longitude] => -77.049384860303391
    [nametable] => Event
    [participants] => [{$idUser$:$$,$phoneNumber$:$992054388$,$email$:$$},{$idUser$:$$,$phoneNumber$:$$,$email$:$marrselo@gmail.com$},{$idUser$:1,$phoneNumber$:$987654321$,$email$:$berolatti.diego@pucp.pe$}]
    [title] => casa del cha
)

2014-02-14T19:06:38-05:00 INFO (6): ------------ INICIO --------------
2014-02-14T19:06:38-05:00 INFO (6): ------------ Send Data --------------
2014-02-14T19:06:38-05:00 INFO (6): Array
(
    [module] => service
    [controller] => event
    [action] => post
    [dateEvent] => 2014-02-08 18:19:51
    [description] => 
    [flagAct] => 1
    [idUser] => 1
    [latitude] => -12.0507488583865
    [longitude] => -77.049384860303391
    [nametable] => Event
    [participants] => [{$idUser$:$$,$phoneNumber$:$992054388$,$email$:$$},{$idUser$:$$,$phoneNumber$:$$,$email$:$marrselo@gmail.com$},{$idUser$:1,$phoneNumber$:$987654321$,$email$:$berolatti.diego@pucp.pe$}]
    [title] => casa del cha
)

2014-02-14T19:07:58-05:00 INFO (6): ------------ INICIO --------------
2014-02-14T19:07:58-05:00 INFO (6): ------------ Send Data --------------
2014-02-14T19:07:58-05:00 INFO (6): Array
(
    [module] => service
    [controller] => event
    [action] => post
    [dateEvent] => 2014-02-08 18:19:51
    [description] => 
    [flagAct] => 1
    [idUser] => 1
    [latitude] => -12.0507488583865
    [longitude] => -77.049384860303391
    [nametable] => Event
    [participants] => [{$idUser$:$$,$phoneNumber$:$992054388$,$email$:$$},{$idUser$:$$,$phoneNumber$:$$,$email$:$marrselo@gmail.com$},{$idUser$:1,$phoneNumber$:$987654321$,$email$:$berolatti.diego@pucp.pe$}]
    [title] => casa del cha
)

2014-02-14T19:08:10-05:00 INFO (6): ------------ INICIO --------------
2014-02-14T19:08:10-05:00 INFO (6): ------------ Send Data --------------
2014-02-14T19:08:10-05:00 INFO (6): Array
(
    [module] => service
    [controller] => event
    [action] => post
    [dateEvent] => 2014-02-08 18:19:51
    [description] => 
    [flagAct] => 1
    [idUser] => 1
    [latitude] => -12.0507488583865
    [longitude] => -77.049384860303391
    [nametable] => Event
    [participants] => [{$idUser$:$$,$phoneNumber$:$992054388$,$email$:$$},{$idUser$:$$,$phoneNumber$:$$,$email$:$marrselo@gmail.com$},{$idUser$:1,$phoneNumber$:$987654321$,$email$:$berolatti.diego@pucp.pe$}]
    [title] => casa del cha
)

2014-02-14T19:08:35-05:00 INFO (6): ------------ INICIO --------------
2014-02-14T19:08:35-05:00 INFO (6): ------------ Send Data --------------
2014-02-14T19:08:35-05:00 INFO (6): Array
(
    [module] => service
    [controller] => event
    [action] => post
    [dateEvent] => 2014-02-08 18:19:51
    [description] => 
    [flagAct] => 1
    [idUser] => 1
    [latitude] => -12.0507488583865
    [longitude] => -77.049384860303391
    [nametable] => Event
    [participants] => [{$idUser$:$$,$phoneNumber$:$992054388$,$email$:$$},{$idUser$:$$,$phoneNumber$:$$,$email$:$marrselo@gmail.com$},{$idUser$:1,$phoneNumber$:$987654321$,$email$:$berolatti.diego@pucp.pe$}]
    [title] => casa del cha
)

2014-02-14T19:09:39-05:00 INFO (6): ------------ INICIO --------------
2014-02-14T19:09:39-05:00 INFO (6): ------------ Send Data --------------
2014-02-14T19:09:39-05:00 INFO (6): Array
(
    [module] => service
    [controller] => event
    [action] => post
    [dateEvent] => 2014-02-08 18:19:51
    [description] => 
    [flagAct] => 1
    [idUser] => 1
    [latitude] => -12.0507488583865
    [longitude] => -77.049384860303391
    [nametable] => Event
    [participants] => [{$idUser$:$$,$phoneNumber$:$992054388$,$email$:$$},{$idUser$:$$,$phoneNumber$:$$,$email$:$marrselo@gmail.com$},{$idUser$:1,$phoneNumber$:$987654321$,$email$:$berolatti.diego@pucp.pe$}]
    [title] => casa del cha
)

2014-02-14T19:09:40-05:00 INFO (6): ------------ INICIO --------------
2014-02-14T19:09:40-05:00 INFO (6): ------------ Send Data --------------
2014-02-14T19:09:40-05:00 INFO (6): Array
(
    [module] => service
    [controller] => event
    [action] => post
    [dateEvent] => 2014-02-08 18:19:51
    [description] => 
    [flagAct] => 1
    [idUser] => 1
    [latitude] => -12.0507488583865
    [longitude] => -77.049384860303391
    [nametable] => Event
    [participants] => [{$idUser$:$$,$phoneNumber$:$992054388$,$email$:$$},{$idUser$:$$,$phoneNumber$:$$,$email$:$marrselo@gmail.com$},{$idUser$:1,$phoneNumber$:$987654321$,$email$:$berolatti.diego@pucp.pe$}]
    [title] => casa del cha
)

2014-02-14T19:09:41-05:00 INFO (6): ------------ INICIO --------------
2014-02-14T19:09:41-05:00 INFO (6): ------------ Send Data --------------
2014-02-14T19:09:41-05:00 INFO (6): Array
(
    [module] => service
    [controller] => event
    [action] => post
    [dateEvent] => 2014-02-08 18:19:51
    [description] => 
    [flagAct] => 1
    [idUser] => 1
    [latitude] => -12.0507488583865
    [longitude] => -77.049384860303391
    [nametable] => Event
    [participants] => [{$idUser$:$$,$phoneNumber$:$992054388$,$email$:$$},{$idUser$:$$,$phoneNumber$:$$,$email$:$marrselo@gmail.com$},{$idUser$:1,$phoneNumber$:$987654321$,$email$:$berolatti.diego@pucp.pe$}]
    [title] => casa del cha
)

2014-02-14T19:10:32-05:00 INFO (6): ------------ INICIO --------------
2014-02-14T19:10:32-05:00 INFO (6): ------------ Send Data --------------
2014-02-14T19:10:32-05:00 INFO (6): Array
(
    [module] => service
    [controller] => event
    [action] => post
    [dateEvent] => 2014-02-08 18:19:51
    [description] => 
    [flagAct] => 1
    [idUser] => 1
    [latitude] => -12.0507488583865
    [longitude] => -77.049384860303391
    [nametable] => Event
    [participants] => [{$idUser$:$$,$phoneNumber$:$992054388$,$email$:$$},{$idUser$:$$,$phoneNumber$:$$,$email$:$marrselo@gmail.com$},{$idUser$:1,$phoneNumber$:$987654321$,$email$:$berolatti.diego@pucp.pe$}]
    [title] => casa del cha
)

2014-02-14T19:10:33-05:00 INFO (6): ------------ INICIO --------------
2014-02-14T19:10:33-05:00 INFO (6): ------------ Send Data --------------
2014-02-14T19:10:33-05:00 INFO (6): Array
(
    [module] => service
    [controller] => event
    [action] => post
    [dateEvent] => 2014-02-08 18:19:51
    [description] => 
    [flagAct] => 1
    [idUser] => 1
    [latitude] => -12.0507488583865
    [longitude] => -77.049384860303391
    [nametable] => Event
    [participants] => [{$idUser$:$$,$phoneNumber$:$992054388$,$email$:$$},{$idUser$:$$,$phoneNumber$:$$,$email$:$marrselo@gmail.com$},{$idUser$:1,$phoneNumber$:$987654321$,$email$:$berolatti.diego@pucp.pe$}]
    [title] => casa del cha
)

2014-02-14T19:10:33-05:00 INFO (6): ------------ INICIO --------------
2014-02-14T19:10:33-05:00 INFO (6): ------------ Send Data --------------
2014-02-14T19:10:33-05:00 INFO (6): Array
(
    [module] => service
    [controller] => event
    [action] => post
    [dateEvent] => 2014-02-08 18:19:51
    [description] => 
    [flagAct] => 1
    [idUser] => 1
    [latitude] => -12.0507488583865
    [longitude] => -77.049384860303391
    [nametable] => Event
    [participants] => [{$idUser$:$$,$phoneNumber$:$992054388$,$email$:$$},{$idUser$:$$,$phoneNumber$:$$,$email$:$marrselo@gmail.com$},{$idUser$:1,$phoneNumber$:$987654321$,$email$:$berolatti.diego@pucp.pe$}]
    [title] => casa del cha
)

2014-02-14T19:10:33-05:00 INFO (6): ------------ INICIO --------------
2014-02-14T19:10:33-05:00 INFO (6): ------------ Send Data --------------
2014-02-14T19:10:33-05:00 INFO (6): Array
(
    [module] => service
    [controller] => event
    [action] => post
    [dateEvent] => 2014-02-08 18:19:51
    [description] => 
    [flagAct] => 1
    [idUser] => 1
    [latitude] => -12.0507488583865
    [longitude] => -77.049384860303391
    [nametable] => Event
    [participants] => [{$idUser$:$$,$phoneNumber$:$992054388$,$email$:$$},{$idUser$:$$,$phoneNumber$:$$,$email$:$marrselo@gmail.com$},{$idUser$:1,$phoneNumber$:$987654321$,$email$:$berolatti.diego@pucp.pe$}]
    [title] => casa del cha
)

2014-02-14T19:10:47-05:00 INFO (6): ------------ INICIO --------------
2014-02-14T19:10:47-05:00 INFO (6): ------------ Send Data --------------
2014-02-14T19:10:47-05:00 INFO (6): Array
(
    [module] => service
    [controller] => event
    [action] => post
    [dateEvent] => 2014-02-08 18:19:51
    [description] => 
    [flagAct] => 1
    [idUser] => 1
    [latitude] => -12.0507488583865
    [longitude] => -77.049384860303391
    [nametable] => Event
    [participants] => [{$idUser$:$$,$phoneNumber$:$992054388$,$email$:$$},{$idUser$:$$,$phoneNumber$:$$,$email$:$marrselo@gmail.com$},{$idUser$:1,$phoneNumber$:$987654321$,$email$:$berolatti.diego@pucp.pe$}]
    [title] => casa del cha
)

2014-02-14T19:11:24-05:00 INFO (6): ------------ INICIO --------------
2014-02-14T19:11:24-05:00 INFO (6): ------------ Send Data --------------
2014-02-14T19:11:24-05:00 INFO (6): Array
(
    [module] => service
    [controller] => event
    [action] => post
    [dateEvent] => 2014-02-08 18:19:51
    [description] => 
    [flagAct] => 1
    [idUser] => 1
    [latitude] => -12.0507488583865
    [longitude] => -77.049384860303391
    [nametable] => Event
    [participants] => [{$idUser$:$$,$phoneNumber$:$992054388$,$email$:$$},{$idUser$:$$,$phoneNumber$:$$,$email$:$marrselo@gmail.com$},{$idUser$:1,$phoneNumber$:$987654321$,$email$:$berolatti.diego@pucp.pe$}]
    [title] => casa del cha
)

2014-02-14T19:11:40-05:00 INFO (6): ------------ INICIO --------------
2014-02-14T19:11:40-05:00 INFO (6): ------------ Send Data --------------
2014-02-14T19:11:40-05:00 INFO (6): Array
(
    [module] => service
    [controller] => event
    [action] => post
    [dateEvent] => 2014-02-08 18:19:51
    [description] => 
    [flagAct] => 1
    [idUser] => 1
    [latitude] => -12.0507488583865
    [longitude] => -77.049384860303391
    [nametable] => Event
    [participants] => [{$idUser$:$$,$phoneNumber$:$992054388$,$email$:$$},{$idUser$:$$,$phoneNumber$:$$,$email$:$marrselo@gmail.com$},{$idUser$:1,$phoneNumber$:$987654321$,$email$:$berolatti.diego@pucp.pe$}]
    [title] => casa del cha
)

2014-02-14T19:11:41-05:00 INFO (6): ------------ INICIO --------------
2014-02-14T19:11:41-05:00 INFO (6): ------------ Send Data --------------
2014-02-14T19:11:41-05:00 INFO (6): Array
(
    [module] => service
    [controller] => event
    [action] => post
    [dateEvent] => 2014-02-08 18:19:51
    [description] => 
    [flagAct] => 1
    [idUser] => 1
    [latitude] => -12.0507488583865
    [longitude] => -77.049384860303391
    [nametable] => Event
    [participants] => [{$idUser$:$$,$phoneNumber$:$992054388$,$email$:$$},{$idUser$:$$,$phoneNumber$:$$,$email$:$marrselo@gmail.com$},{$idUser$:1,$phoneNumber$:$987654321$,$email$:$berolatti.diego@pucp.pe$}]
    [title] => casa del cha
)

2014-02-14T19:12:19-05:00 INFO (6): ------------ INICIO --------------
2014-02-14T19:12:19-05:00 INFO (6): ------------ Send Data --------------
2014-02-14T19:12:19-05:00 INFO (6): Array
(
    [module] => service
    [controller] => event
    [action] => post
    [dateEvent] => 2014-02-08 18:19:51
    [description] => 
    [flagAct] => 1
    [idUser] => 1
    [latitude] => -12.0507488583865
    [longitude] => -77.049384860303391
    [nametable] => Event
    [participants] => [{$idUser$:$$,$phoneNumber$:$992054388$,$email$:$$},{$idUser$:$$,$phoneNumber$:$$,$email$:$marrselo@gmail.com$},{$idUser$:1,$phoneNumber$:$987654321$,$email$:$berolatti.diego@pucp.pe$}]
    [title] => casa del cha
)

2014-02-14T19:12:20-05:00 INFO (6): ------------ INICIO --------------
2014-02-14T19:12:20-05:00 INFO (6): ------------ Send Data --------------
2014-02-14T19:12:20-05:00 INFO (6): Array
(
    [module] => service
    [controller] => event
    [action] => post
    [dateEvent] => 2014-02-08 18:19:51
    [description] => 
    [flagAct] => 1
    [idUser] => 1
    [latitude] => -12.0507488583865
    [longitude] => -77.049384860303391
    [nametable] => Event
    [participants] => [{$idUser$:$$,$phoneNumber$:$992054388$,$email$:$$},{$idUser$:$$,$phoneNumber$:$$,$email$:$marrselo@gmail.com$},{$idUser$:1,$phoneNumber$:$987654321$,$email$:$berolatti.diego@pucp.pe$}]
    [title] => casa del cha
)

2014-02-14T19:12:37-05:00 INFO (6): ------------ INICIO --------------
2014-02-14T19:12:37-05:00 INFO (6): ------------ Send Data --------------
2014-02-14T19:12:37-05:00 INFO (6): Array
(
    [module] => service
    [controller] => event
    [action] => post
    [dateEvent] => 2014-02-08 18:19:51
    [description] => 
    [flagAct] => 1
    [idUser] => 1
    [latitude] => -12.0507488583865
    [longitude] => -77.049384860303391
    [nametable] => Event
    [participants] => [{$idUser$:$$,$phoneNumber$:$992054388$,$email$:$$},{$idUser$:$$,$phoneNumber$:$$,$email$:$marrselo@gmail.com$},{$idUser$:1,$phoneNumber$:$987654321$,$email$:$berolatti.diego@pucp.pe$}]
    [title] => casa del cha
)

2014-02-14T19:13:05-05:00 INFO (6): ------------ INICIO --------------
2014-02-14T19:13:05-05:00 INFO (6): ------------ Send Data --------------
2014-02-14T19:13:05-05:00 INFO (6): Array
(
    [module] => service
    [controller] => event
    [action] => post
    [dateEvent] => 2014-02-08 18:19:51
    [description] => 
    [flagAct] => 1
    [idUser] => 1
    [latitude] => -12.0507488583865
    [longitude] => -77.049384860303391
    [nametable] => Event
    [participants] => [{$idUser$:$$,$phoneNumber$:$992054388$,$email$:$$},{$idUser$:$$,$phoneNumber$:$$,$email$:$marrselo@gmail.com$},{$idUser$:1,$phoneNumber$:$987654321$,$email$:$berolatti.diego@pucp.pe$}]
    [title] => casa del cha
)

